<?xml version="1.0" encoding="UTF-8"?>
<testng-results ignored="0" total="1" passed="1" failed="0" skipped="0">
  <reporter-output>
  </reporter-output>
  <suite started-at="2026-08-01T08:22:52 IST" name="Surefire suite" finished-at="2026-08-01T08:23:00 IST" duration-ms="8082">
    <groups>
    </groups>
    <test started-at="2026-08-01T08:22:52 IST" name="Surefire test" finished-at="2026-08-01T08:23:00 IST" duration-ms="8082">
      <class name="testCases.TC_001_AccountRegistrationTest">
        <test-method is-config="true" signature="setup()[pri:0, instance:testCases.TC_001_AccountRegistrationTest@77b14724]" started-at="2026-08-01T08:22:52 IST" name="setup" finished-at="2026-08-01T08:22:57 IST" duration-ms="5048" status="PASS">
          <reporter-output>
          </reporter-output>
        </test-method> <!-- setup -->
        <test-method signature="verify_account_registration()[pri:0, instance:testCases.TC_001_AccountRegistrationTest@77b14724]" started-at="2026-08-01T08:22:57 IST" name="verify_account_registration" finished-at="2026-08-01T08:23:00 IST" duration-ms="2798" status="PASS">
          <reporter-output>
          </reporter-output>
        </test-method> <!-- verify_account_registration -->
        <test-method is-config="true" signature="teardown()[pri:0, instance:testCases.TC_001_AccountRegistrationTest@77b14724]" started-at="2026-08-01T08:23:00 IST" name="teardown" finished-at="2026-08-01T08:23:00 IST" duration-ms="190" status="PASS">
          <reporter-output>
          </reporter-output>
        </test-method> <!-- teardown -->
      </class> <!-- testCases.TC_001_AccountRegistrationTest -->
    </test> <!-- Surefire test -->
  </suite> <!-- Surefire suite -->
</testng-results>
