<?xml version="1.0" encoding="UTF-8"?>
<testng-results ignored="0" total="1" passed="1" failed="0" skipped="0">
  <reporter-output>
  </reporter-output>
  <suite started-at="2025-11-27T12:03:44 IST" name="Default suite" finished-at="2025-11-27T12:03:52 IST" duration-ms="8201">
    <groups>
    </groups>
    <test started-at="2025-11-27T12:03:44 IST" name="Default test" finished-at="2025-11-27T12:03:52 IST" duration-ms="8201">
      <class name="testCases.TC_001_AccountRegistrationTest">
        <test-method is-config="true" signature="setup()[pri:0, instance:testCases.TC_001_AccountRegistrationTest@71529963]" started-at="2025-11-27T12:03:44 IST" name="setup" finished-at="2025-11-27T12:03:49 IST" duration-ms="5159" status="PASS">
          <reporter-output>
          </reporter-output>
        </test-method> <!-- setup -->
        <test-method signature="verify_account_registration()[pri:0, instance:testCases.TC_001_AccountRegistrationTest@71529963]" started-at="2025-11-27T12:03:49 IST" name="verify_account_registration" finished-at="2025-11-27T12:03:52 IST" duration-ms="2792" status="PASS">
          <reporter-output>
          </reporter-output>
        </test-method> <!-- verify_account_registration -->
        <test-method is-config="true" signature="teardown()[pri:0, instance:testCases.TC_001_AccountRegistrationTest@71529963]" started-at="2025-11-27T12:03:52 IST" name="teardown" finished-at="2025-11-27T12:03:52 IST" duration-ms="194" status="PASS">
          <reporter-output>
          </reporter-output>
        </test-method> <!-- teardown -->
      </class> <!-- testCases.TC_001_AccountRegistrationTest -->
    </test> <!-- Default test -->
  </suite> <!-- Default suite -->
</testng-results>
